ERROR - 2026-03-05 07:20:21 --> Error connecting to the database: mysqli_sql_exception: Access denied for user ''@'localhost' (using password: YES) in C:\wamp64\www\HostMaster\system\Database\MySQLi\Connection.php:201
Stack trace:
#0 C:\wamp64\www\HostMaster\system\Database\MySQLi\Connection.php(201): mysqli->real_connect('localhost', '', Object(SensitiveParameterValue), '', 3306, '', 0)
#1 C:\wamp64\www\HostMaster\system\Database\BaseConnection.php(419): CodeIgniter\Database\MySQLi\Connection->connect(false)
#2 C:\wamp64\www\HostMaster\system\Database\BaseConnection.php(614): CodeIgniter\Database\BaseConnection->initialize()
#3 C:\wamp64\www\HostMaster\system\Database\BaseBuilder.php(1649): CodeIgniter\Database\BaseConnection->query('SELECT *\nFROM `...', Array, false)
#4 C:\wamp64\www\HostMaster\system\Model.php(286): CodeIgniter\Database\BaseBuilder->get()
#5 C:\wamp64\www\HostMaster\system\BaseModel.php(677): CodeIgniter\Model->doFindAll(0, 0)
#6 C:\wamp64\www\HostMaster\app\Controllers\Home.php(14): CodeIgniter\BaseModel->findAll()
#7 C:\wamp64\www\HostMaster\system\CodeIgniter.php(933): App\Controllers\Home->index()
#8 C:\wamp64\www\HostMaster\system\CodeIgniter.php(507): CodeIgniter\CodeIgniter->runController(Object(App\Controllers\Home))
#9 C:\wamp64\www\HostMaster\system\CodeIgniter.php(354): CodeIgniter\CodeIgniter->handleRequest(NULL, Object(Config\Cache), false)
#10 C:\wamp64\www\HostMaster\system\Boot.php(363): CodeIgniter\CodeIgniter->run()
#11 C:\wamp64\www\HostMaster\system\Boot.php(68): CodeIgniter\Boot::runCodeIgniter(Object(CodeIgniter\CodeIgniter))
#12 C:\wamp64\www\HostMaster\public\index.php(59): CodeIgniter\Boot::bootWeb(Object(Config\Paths))
#13 C:\wamp64\www\HostMaster\system\rewrite.php(44): require_once('C:\\wamp64\\www\\H...')
#14 {main}

Next CodeIgniter\Database\Exceptions\DatabaseException: Access denied for user ''@'localhost' (using password: YES) in C:\wamp64\www\HostMaster\system\Database\MySQLi\Connection.php:246
Stack trace:
#0 C:\wamp64\www\HostMaster\system\Database\BaseConnection.php(419): CodeIgniter\Database\MySQLi\Connection->connect(false)
#1 C:\wamp64\www\HostMaster\system\Database\BaseConnection.php(614): CodeIgniter\Database\BaseConnection->initialize()
#2 C:\wamp64\www\HostMaster\system\Database\BaseBuilder.php(1649): CodeIgniter\Database\BaseConnection->query('SELECT *\nFROM `...', Array, false)
#3 C:\wamp64\www\HostMaster\system\Model.php(286): CodeIgniter\Database\BaseBuilder->get()
#4 C:\wamp64\www\HostMaster\system\BaseModel.php(677): CodeIgniter\Model->doFindAll(0, 0)
#5 C:\wamp64\www\HostMaster\app\Controllers\Home.php(14): CodeIgniter\BaseModel->findAll()
#6 C:\wamp64\www\HostMaster\system\CodeIgniter.php(933): App\Controllers\Home->index()
#7 C:\wamp64\www\HostMaster\system\CodeIgniter.php(507): CodeIgniter\CodeIgniter->runController(Object(App\Controllers\Home))
#8 C:\wamp64\www\HostMaster\system\CodeIgniter.php(354): CodeIgniter\CodeIgniter->handleRequest(NULL, Object(Config\Cache), false)
#9 C:\wamp64\www\HostMaster\system\Boot.php(363): CodeIgniter\CodeIgniter->run()
#10 C:\wamp64\www\HostMaster\system\Boot.php(68): CodeIgniter\Boot::runCodeIgniter(Object(CodeIgniter\CodeIgniter))
#11 C:\wamp64\www\HostMaster\public\index.php(59): CodeIgniter\Boot::bootWeb(Object(Config\Paths))
#12 C:\wamp64\www\HostMaster\system\rewrite.php(44): require_once('C:\\wamp64\\www\\H...')
#13 {main}
CRITICAL - 2026-03-05 07:20:21 --> CodeIgniter\Database\Exceptions\DatabaseException: Unable to connect to the database.
Main connection [MySQLi]: Access denied for user ''@'localhost' (using password: YES)
[Method: GET, Route: /]
in SYSTEMPATH\Database\BaseConnection.php on line 465.
 1 SYSTEMPATH\Database\BaseConnection.php(614): CodeIgniter\Database\BaseConnection->initialize()
 2 SYSTEMPATH\Database\BaseBuilder.php(1649): CodeIgniter\Database\BaseConnection->query('SELECT *
FROM `clients`', [], false)
 3 SYSTEMPATH\Model.php(286): CodeIgniter\Database\BaseBuilder->get()
 4 SYSTEMPATH\BaseModel.php(677): CodeIgniter\Model->doFindAll(0, 0)
 5 APPPATH\Controllers\Home.php(14): CodeIgniter\BaseModel->findAll()
 6 SYSTEMPATH\CodeIgniter.php(933): App\Controllers\Home->index()
 7 SYSTEMPATH\CodeIgniter.php(507): CodeIgniter\CodeIgniter->runController(Object(App\Controllers\Home))
 8 SYSTEMPATH\CodeIgniter.php(354): CodeIgniter\CodeIgniter->handleRequest(null, Object(Config\Cache), false)
 9 SYSTEMPATH\Boot.php(363): CodeIgniter\CodeIgniter->run()
10 SYSTEMPATH\Boot.php(68): CodeIgniter\Boot::runCodeIgniter(Object(CodeIgniter\CodeIgniter))
11 FCPATH\index.php(59): CodeIgniter\Boot::bootWeb(Object(Config\Paths))
12 SYSTEMPATH\rewrite.php(44): require_once('C:\\wamp64\\www\\HostMaster\\public\\index.php')
ERROR - 2026-03-05 07:22:36 --> Error connecting to the database: mysqli_sql_exception: Access denied for user ''@'localhost' (using password: YES) in C:\wamp64\www\HostMaster\system\Database\MySQLi\Connection.php:201
Stack trace:
#0 C:\wamp64\www\HostMaster\system\Database\MySQLi\Connection.php(201): mysqli->real_connect('localhost', '', Object(SensitiveParameterValue), 'hostmaster_db', 3306, '', 0)
#1 C:\wamp64\www\HostMaster\system\Database\BaseConnection.php(419): CodeIgniter\Database\MySQLi\Connection->connect(false)
#2 C:\wamp64\www\HostMaster\system\Database\BaseConnection.php(614): CodeIgniter\Database\BaseConnection->initialize()
#3 C:\wamp64\www\HostMaster\system\Database\BaseBuilder.php(1649): CodeIgniter\Database\BaseConnection->query('SELECT *\nFROM `...', Array, false)
#4 C:\wamp64\www\HostMaster\system\Model.php(286): CodeIgniter\Database\BaseBuilder->get()
#5 C:\wamp64\www\HostMaster\system\BaseModel.php(677): CodeIgniter\Model->doFindAll(0, 0)
#6 C:\wamp64\www\HostMaster\app\Controllers\Home.php(14): CodeIgniter\BaseModel->findAll()
#7 C:\wamp64\www\HostMaster\system\CodeIgniter.php(933): App\Controllers\Home->index()
#8 C:\wamp64\www\HostMaster\system\CodeIgniter.php(507): CodeIgniter\CodeIgniter->runController(Object(App\Controllers\Home))
#9 C:\wamp64\www\HostMaster\system\CodeIgniter.php(354): CodeIgniter\CodeIgniter->handleRequest(NULL, Object(Config\Cache), false)
#10 C:\wamp64\www\HostMaster\system\Boot.php(363): CodeIgniter\CodeIgniter->run()
#11 C:\wamp64\www\HostMaster\system\Boot.php(68): CodeIgniter\Boot::runCodeIgniter(Object(CodeIgniter\CodeIgniter))
#12 C:\wamp64\www\HostMaster\public\index.php(59): CodeIgniter\Boot::bootWeb(Object(Config\Paths))
#13 C:\wamp64\www\HostMaster\system\rewrite.php(44): require_once('C:\\wamp64\\www\\H...')
#14 {main}

Next CodeIgniter\Database\Exceptions\DatabaseException: Access denied for user ''@'localhost' (using password: YES) in C:\wamp64\www\HostMaster\system\Database\MySQLi\Connection.php:246
Stack trace:
#0 C:\wamp64\www\HostMaster\system\Database\BaseConnection.php(419): CodeIgniter\Database\MySQLi\Connection->connect(false)
#1 C:\wamp64\www\HostMaster\system\Database\BaseConnection.php(614): CodeIgniter\Database\BaseConnection->initialize()
#2 C:\wamp64\www\HostMaster\system\Database\BaseBuilder.php(1649): CodeIgniter\Database\BaseConnection->query('SELECT *\nFROM `...', Array, false)
#3 C:\wamp64\www\HostMaster\system\Model.php(286): CodeIgniter\Database\BaseBuilder->get()
#4 C:\wamp64\www\HostMaster\system\BaseModel.php(677): CodeIgniter\Model->doFindAll(0, 0)
#5 C:\wamp64\www\HostMaster\app\Controllers\Home.php(14): CodeIgniter\BaseModel->findAll()
#6 C:\wamp64\www\HostMaster\system\CodeIgniter.php(933): App\Controllers\Home->index()
#7 C:\wamp64\www\HostMaster\system\CodeIgniter.php(507): CodeIgniter\CodeIgniter->runController(Object(App\Controllers\Home))
#8 C:\wamp64\www\HostMaster\system\CodeIgniter.php(354): CodeIgniter\CodeIgniter->handleRequest(NULL, Object(Config\Cache), false)
#9 C:\wamp64\www\HostMaster\system\Boot.php(363): CodeIgniter\CodeIgniter->run()
#10 C:\wamp64\www\HostMaster\system\Boot.php(68): CodeIgniter\Boot::runCodeIgniter(Object(CodeIgniter\CodeIgniter))
#11 C:\wamp64\www\HostMaster\public\index.php(59): CodeIgniter\Boot::bootWeb(Object(Config\Paths))
#12 C:\wamp64\www\HostMaster\system\rewrite.php(44): require_once('C:\\wamp64\\www\\H...')
#13 {main}
CRITICAL - 2026-03-05 07:22:36 --> CodeIgniter\Database\Exceptions\DatabaseException: Unable to connect to the database.
Main connection [MySQLi]: Access denied for user ''@'localhost' (using password: YES)
[Method: GET, Route: /]
in SYSTEMPATH\Database\BaseConnection.php on line 465.
 1 SYSTEMPATH\Database\BaseConnection.php(614): CodeIgniter\Database\BaseConnection->initialize()
 2 SYSTEMPATH\Database\BaseBuilder.php(1649): CodeIgniter\Database\BaseConnection->query('SELECT *
FROM `clients`', [], false)
 3 SYSTEMPATH\Model.php(286): CodeIgniter\Database\BaseBuilder->get()
 4 SYSTEMPATH\BaseModel.php(677): CodeIgniter\Model->doFindAll(0, 0)
 5 APPPATH\Controllers\Home.php(14): CodeIgniter\BaseModel->findAll()
 6 SYSTEMPATH\CodeIgniter.php(933): App\Controllers\Home->index()
 7 SYSTEMPATH\CodeIgniter.php(507): CodeIgniter\CodeIgniter->runController(Object(App\Controllers\Home))
 8 SYSTEMPATH\CodeIgniter.php(354): CodeIgniter\CodeIgniter->handleRequest(null, Object(Config\Cache), false)
 9 SYSTEMPATH\Boot.php(363): CodeIgniter\CodeIgniter->run()
10 SYSTEMPATH\Boot.php(68): CodeIgniter\Boot::runCodeIgniter(Object(CodeIgniter\CodeIgniter))
11 FCPATH\index.php(59): CodeIgniter\Boot::bootWeb(Object(Config\Paths))
12 SYSTEMPATH\rewrite.php(44): require_once('C:\\wamp64\\www\\HostMaster\\public\\index.php')
ERROR - 2026-03-05 07:22:37 --> Error connecting to the database: mysqli_sql_exception: Access denied for user ''@'localhost' (using password: YES) in C:\wamp64\www\HostMaster\system\Database\MySQLi\Connection.php:201
Stack trace:
#0 C:\wamp64\www\HostMaster\system\Database\MySQLi\Connection.php(201): mysqli->real_connect('localhost', '', Object(SensitiveParameterValue), 'hostmaster_db', 3306, '', 0)
#1 C:\wamp64\www\HostMaster\system\Database\BaseConnection.php(419): CodeIgniter\Database\MySQLi\Connection->connect(false)
#2 C:\wamp64\www\HostMaster\system\Database\BaseConnection.php(614): CodeIgniter\Database\BaseConnection->initialize()
#3 C:\wamp64\www\HostMaster\system\Database\BaseBuilder.php(1649): CodeIgniter\Database\BaseConnection->query('SELECT *\nFROM `...', Array, false)
#4 C:\wamp64\www\HostMaster\system\Model.php(286): CodeIgniter\Database\BaseBuilder->get()
#5 C:\wamp64\www\HostMaster\system\BaseModel.php(677): CodeIgniter\Model->doFindAll(0, 0)
#6 C:\wamp64\www\HostMaster\app\Controllers\Home.php(14): CodeIgniter\BaseModel->findAll()
#7 C:\wamp64\www\HostMaster\system\CodeIgniter.php(933): App\Controllers\Home->index()
#8 C:\wamp64\www\HostMaster\system\CodeIgniter.php(507): CodeIgniter\CodeIgniter->runController(Object(App\Controllers\Home))
#9 C:\wamp64\www\HostMaster\system\CodeIgniter.php(354): CodeIgniter\CodeIgniter->handleRequest(NULL, Object(Config\Cache), false)
#10 C:\wamp64\www\HostMaster\system\Boot.php(363): CodeIgniter\CodeIgniter->run()
#11 C:\wamp64\www\HostMaster\system\Boot.php(68): CodeIgniter\Boot::runCodeIgniter(Object(CodeIgniter\CodeIgniter))
#12 C:\wamp64\www\HostMaster\public\index.php(59): CodeIgniter\Boot::bootWeb(Object(Config\Paths))
#13 C:\wamp64\www\HostMaster\system\rewrite.php(44): require_once('C:\\wamp64\\www\\H...')
#14 {main}

Next CodeIgniter\Database\Exceptions\DatabaseException: Access denied for user ''@'localhost' (using password: YES) in C:\wamp64\www\HostMaster\system\Database\MySQLi\Connection.php:246
Stack trace:
#0 C:\wamp64\www\HostMaster\system\Database\BaseConnection.php(419): CodeIgniter\Database\MySQLi\Connection->connect(false)
#1 C:\wamp64\www\HostMaster\system\Database\BaseConnection.php(614): CodeIgniter\Database\BaseConnection->initialize()
#2 C:\wamp64\www\HostMaster\system\Database\BaseBuilder.php(1649): CodeIgniter\Database\BaseConnection->query('SELECT *\nFROM `...', Array, false)
#3 C:\wamp64\www\HostMaster\system\Model.php(286): CodeIgniter\Database\BaseBuilder->get()
#4 C:\wamp64\www\HostMaster\system\BaseModel.php(677): CodeIgniter\Model->doFindAll(0, 0)
#5 C:\wamp64\www\HostMaster\app\Controllers\Home.php(14): CodeIgniter\BaseModel->findAll()
#6 C:\wamp64\www\HostMaster\system\CodeIgniter.php(933): App\Controllers\Home->index()
#7 C:\wamp64\www\HostMaster\system\CodeIgniter.php(507): CodeIgniter\CodeIgniter->runController(Object(App\Controllers\Home))
#8 C:\wamp64\www\HostMaster\system\CodeIgniter.php(354): CodeIgniter\CodeIgniter->handleRequest(NULL, Object(Config\Cache), false)
#9 C:\wamp64\www\HostMaster\system\Boot.php(363): CodeIgniter\CodeIgniter->run()
#10 C:\wamp64\www\HostMaster\system\Boot.php(68): CodeIgniter\Boot::runCodeIgniter(Object(CodeIgniter\CodeIgniter))
#11 C:\wamp64\www\HostMaster\public\index.php(59): CodeIgniter\Boot::bootWeb(Object(Config\Paths))
#12 C:\wamp64\www\HostMaster\system\rewrite.php(44): require_once('C:\\wamp64\\www\\H...')
#13 {main}
CRITICAL - 2026-03-05 07:22:37 --> CodeIgniter\Database\Exceptions\DatabaseException: Unable to connect to the database.
Main connection [MySQLi]: Access denied for user ''@'localhost' (using password: YES)
[Method: GET, Route: /]
in SYSTEMPATH\Database\BaseConnection.php on line 465.
 1 SYSTEMPATH\Database\BaseConnection.php(614): CodeIgniter\Database\BaseConnection->initialize()
 2 SYSTEMPATH\Database\BaseBuilder.php(1649): CodeIgniter\Database\BaseConnection->query('SELECT *
FROM `clients`', [], false)
 3 SYSTEMPATH\Model.php(286): CodeIgniter\Database\BaseBuilder->get()
 4 SYSTEMPATH\BaseModel.php(677): CodeIgniter\Model->doFindAll(0, 0)
 5 APPPATH\Controllers\Home.php(14): CodeIgniter\BaseModel->findAll()
 6 SYSTEMPATH\CodeIgniter.php(933): App\Controllers\Home->index()
 7 SYSTEMPATH\CodeIgniter.php(507): CodeIgniter\CodeIgniter->runController(Object(App\Controllers\Home))
 8 SYSTEMPATH\CodeIgniter.php(354): CodeIgniter\CodeIgniter->handleRequest(null, Object(Config\Cache), false)
 9 SYSTEMPATH\Boot.php(363): CodeIgniter\CodeIgniter->run()
10 SYSTEMPATH\Boot.php(68): CodeIgniter\Boot::runCodeIgniter(Object(CodeIgniter\CodeIgniter))
11 FCPATH\index.php(59): CodeIgniter\Boot::bootWeb(Object(Config\Paths))
12 SYSTEMPATH\rewrite.php(44): require_once('C:\\wamp64\\www\\HostMaster\\public\\index.php')
CRITICAL - 2026-03-05 07:28:55 --> Error: Xdebug has detected a possible infinite loop, and aborted your script with a stack depth of '512' frames
[Method: GET, Route: /]
in SYSTEMPATH\View\View.php on line 415.
 1 SYSTEMPATH\View\View.php(415): ob_start()
 2 APPPATH\Views\layout\main.php(3): CodeIgniter\View\View->section('content')
 3 SYSTEMPATH\View\View.php(226): include('C:\\wamp64\\www\\HostMaster\\app\\Views\\layout\\main.php')
 4 SYSTEMPATH\View\View.php(229): CodeIgniter\View\View->CodeIgniter\View\{closure}()
 5 SYSTEMPATH\View\View.php(242): CodeIgniter\View\View->render('layout/main', [], true)
 6 SYSTEMPATH\View\View.php(242): CodeIgniter\View\View->render('layout/main', [], true)
 7 SYSTEMPATH\View\View.php(242): CodeIgniter\View\View->render('layout/main', [], true)
 8 SYSTEMPATH\View\View.php(242): CodeIgniter\View\View->render('layout/main', [], true)
 9 SYSTEMPATH\View\View.php(242): CodeIgniter\View\View->render('layout/main', [], true)
10 SYSTEMPATH\View\View.php(242): CodeIgniter\View\View->render('layout/main', [], true)
11 SYSTEMPATH\View\View.php(242): CodeIgniter\View\View->render('layout/main', [], true)
12 SYSTEMPATH\View\View.php(242): CodeIgniter\View\View->render('layout/main', [], true)
13 SYSTEMPATH\View\View.php(242): CodeIgniter\View\View->render('layout/main', [], true)
14 SYSTEMPATH\View\View.php(242): CodeIgniter\View\View->render('layout/main', [], true)
15 SYSTEMPATH\View\View.php(242): CodeIgniter\View\View->render('layout/main', [], true)
16 SYSTEMPATH\View\View.php(242): CodeIgniter\View\View->render('layout/main', [], true)
17 SYSTEMPATH\View\View.php(242): CodeIgniter\View\View->render('layout/main', [], true)
18 SYSTEMPATH\View\View.php(242): CodeIgniter\View\View->render('layout/main', [], true)
19 SYSTEMPATH\View\View.php(242): CodeIgniter\View\View->render('layout/main', [], true)
20 SYSTEMPATH\View\View.php(242): CodeIgniter\View\View->render('layout/main', [], true)
21 SYSTEMPATH\View\View.php(242): CodeIgniter\View\View->render('layout/main', [], true)
22 SYSTEMPATH\View\View.php(242): CodeIgniter\View\View->render('layout/main', [], true)
23 SYSTEMPATH\View\View.php(242): CodeIgniter\View\View->render('layout/main', [], true)
24 SYSTEMPATH\View\View.php(242): CodeIgniter\View\View->render('layout/main', [], true)
25 SYSTEMPATH\View\View.php(242): CodeIgniter\View\View->render('layout/main', [], true)
26 SYSTEMPATH\View\View.php(242): CodeIgniter\View\View->render('layout/main', [], true)
27 SYSTEMPATH\View\View.php(242): CodeIgniter\View\View->render('layout/main', [], true)
28 SYSTEMPATH\View\View.php(242): CodeIgniter\View\View->render('layout/main', [], true)
29 SYSTEMPATH\View\View.php(242): CodeIgniter\View\View->render('layout/main', [], true)
30 SYSTEMPATH\View\View.php(242): CodeIgniter\View\View->render('layout/main', [], true)
31 SYSTEMPATH\View\View.php(242): CodeIgniter\View\View->render('layout/main', [], true)
32 SYSTEMPATH\View\View.php(242): CodeIgniter\View\View->render('layout/main', [], true)
33 SYSTEMPATH\View\View.php(242): CodeIgniter\View\View->render('layout/main', [], true)
34 SYSTEMPATH\View\View.php(242): CodeIgniter\View\View->render('layout/main', [], true)
35 SYSTEMPATH\View\View.php(242): CodeIgniter\View\View->render('layout/main', [], true)
36 SYSTEMPATH\View\View.php(242): CodeIgniter\View\View->render('layout/main', [], true)
37 SYSTEMPATH\View\View.php(242): CodeIgniter\View\View->render('layout/main', [], true)
38 SYSTEMPATH\View\View.php(242): CodeIgniter\View\View->render('layout/main', [], true)
39 SYSTEMPATH\View\View.php(242): CodeIgniter\View\View->render('layout/main', [], true)
40 SYSTEMPATH\View\View.php(242): CodeIgniter\View\View->render('layout/main', [], true)
41 SYSTEMPATH\View\View.php(242): CodeIgniter\View\View->render('layout/main', [], true)
42 SYSTEMPATH\View\View.php(242): CodeIgniter\View\View->render('layout/main', [], true)
43 SYSTEMPATH\View\View.php(242): CodeIgniter\View\View->render('layout/main', [], true)
44 SYSTEMPATH\View\View.php(242): CodeIgniter\View\View->render('layout/main', [], true)
45 SYSTEMPATH\View\View.php(242): CodeIgniter\View\View->render('layout/main', [], true)
46 SYSTEMPATH\View\View.php(242): CodeIgniter\View\View->render('layout/main', [], true)
47 SYSTEMPATH\View\View.php(242): CodeIgniter\View\View->render('layout/main', [], true)
48 SYSTEMPATH\View\View.php(242): CodeIgniter\View\View->render('layout/main', [], true)
49 SYSTEMPATH\View\View.php(242): CodeIgniter\View\View->render('layout/main', [], true)
50 SYSTEMPATH\View\View.php(242): CodeIgniter\View\View->render('layout/main', [], true)
51 SYSTEMPATH\View\View.php(242): CodeIgniter\View\View->render('layout/main', [], true)
52 SYSTEMPATH\View\View.php(242): CodeIgniter\View\View->render('layout/main', [], true)
53 SYSTEMPATH\View\View.php(242): CodeIgniter\View\View->render('layout/main', [], true)
54 SYSTEMPATH\View\View.php(242): CodeIgniter\View\View->render('layout/main', [], true)
55 SYSTEMPATH\View\View.php(242): CodeIgniter\View\View->render('layout/main', [], true)
56 SYSTEMPATH\View\View.php(242): CodeIgniter\View\View->render('layout/main', [], true)
57 SYSTEMPATH\View\View.php(242): CodeIgniter\View\View->render('layout/main', [], true)
58 SYSTEMPATH\View\View.php(242): CodeIgniter\View\View->render('layout/main', [], true)
59 SYSTEMPATH\View\View.php(242): CodeIgniter\View\View->render('layout/main', [], true)
60 SYSTEMPATH\View\View.php(242): CodeIgniter\View\View->render('layout/main', [], true)
61 SYSTEMPATH\View\View.php(242): CodeIgniter\View\View->render('layout/main', [], true)
62 SYSTEMPATH\View\View.php(242): CodeIgniter\View\View->render('layout/main', [], true)
63 SYSTEMPATH\View\View.php(242): CodeIgniter\View\View->render('layout/main', [], true)
64 SYSTEMPATH\View\View.php(242): CodeIgniter\View\View->render('layout/main', [], true)
65 SYSTEMPATH\View\View.php(242): CodeIgniter\View\View->render('layout/main', [], true)
66 SYSTEMPATH\View\View.php(242): CodeIgniter\View\View->render('layout/main', [], true)
67 SYSTEMPATH\View\View.php(242): CodeIgniter\View\View->render('layout/main', [], true)
68 SYSTEMPATH\View\View.php(242): CodeIgniter\View\View->render('layout/main', [], true)
69 SYSTEMPATH\View\View.php(242): CodeIgniter\View\View->render('layout/main', [], true)
70 SYSTEMPATH\View\View.php(242): CodeIgniter\View\View->render('layout/main', [], true)
71 SYSTEMPATH\View\View.php(242): CodeIgniter\View\View->render('layout/main', [], true)
72 SYSTEMPATH\View\View.php(242): CodeIgniter\View\View->render('layout/main', [], true)
73 SYSTEMPATH\View\View.php(242): CodeIgniter\View\View->render('layout/main', [], true)
74 SYSTEMPATH\View\View.php(242): CodeIgniter\View\View->render('layout/main', [], true)
75 SYSTEMPATH\View\View.php(242): CodeIgniter\View\View->render('layout/main', [], true)
76 SYSTEMPATH\View\View.php(242): CodeIgniter\View\View->render('layout/main', [], true)
77 SYSTEMPATH\View\View.php(242): CodeIgniter\View\View->render('layout/main', [], true)
78 SYSTEMPATH\View\View.php(242): CodeIgniter\View\View->render('layout/main', [], true)
79 SYSTEMPATH\View\View.php(242): CodeIgniter\View\View->render('layout/main', [], true)
80 SYSTEMPATH\View\View.php(242): CodeIgniter\View\View->render('layout/main', [], true)
81 SYSTEMPATH\View\View.php(242): CodeIgniter\View\View->render('layout/main', [], true)
82 SYSTEMPATH\View\View.php(242): CodeIgniter\View\View->render('layout/main', [], true)
83 SYSTEMPATH\View\View.php(242): CodeIgniter\View\View->render('layout/main', [], true)
84 SYSTEMPATH\View\View.php(242): CodeIgniter\View\View->render('layout/main', [], true)
85 SYSTEMPATH\View\View.php(242): CodeIgniter\View\View->render('layout/main', [], true)
86 SYSTEMPATH\View\View.php(242): CodeIgniter\View\View->render('layout/main', [], true)
87 SYSTEMPATH\View\View.php(242): CodeIgniter\View\View->render('layout/main', [], true)
88 SYSTEMPATH\View\View.php(242): CodeIgniter\View\View->render('layout/main', [], true)
89 SYSTEMPATH\View\View.php(242): CodeIgniter\View\View->render('layout/main', [], true)
90 SYSTEMPATH\View\View.php(242): CodeIgniter\View\View->render('layout/main', [], true)
91 SYSTEMPATH\View\View.php(242): CodeIgniter\View\View->render('layout/main', [], true)
92 SYSTEMPATH\View\View.php(242): CodeIgniter\View\View->render('layout/main', [], true)
93 SYSTEMPATH\View\View.php(242): CodeIgniter\View\View->render('layout/main', [], true)
94 SYSTEMPATH\View\View.php(242): CodeIgniter\View\View->render('layout/main', [], true)
95 SYSTEMPATH\View\View.php(242): CodeIgniter\View\View->render('layout/main', [], true)
96 SYSTEMPATH\View\View.php(242): CodeIgniter\View\View->render('layout/main', [], true)
97 SYSTEMPATH\View\View.php(242): CodeIgniter\View\View->render('layout/main', [], true)
98 SYSTEMPATH\View\View.php(242): CodeIgniter\View\View->render('layout/main', [], true)
99 SYSTEMPATH\View\View.php(242): CodeIgniter\View\View->render('layout/main', [], true)
100 SYSTEMPATH\View\View.php(242): CodeIgniter\View\View->render('layout/main', [], true)
101 SYSTEMPATH\View\View.php(242): CodeIgniter\View\View->render('layout/main', [], true)
102 SYSTEMPATH\View\View.php(242): CodeIgniter\View\View->render('layout/main', [], true)
103 SYSTEMPATH\View\View.php(242): CodeIgniter\View\View->render('layout/main', [], true)
104 SYSTEMPATH\View\View.php(242): CodeIgniter\View\View->render('layout/main', [], true)
105 SYSTEMPATH\View\View.php(242): CodeIgniter\View\View->render('layout/main', [], true)
106 SYSTEMPATH\View\View.php(242): CodeIgniter\View\View->render('layout/main', [], true)
107 SYSTEMPATH\View\View.php(242): CodeIgniter\View\View->render('layout/main', [], true)
108 SYSTEMPATH\View\View.php(242): CodeIgniter\View\View->render('layout/main', [], true)
109 SYSTEMPATH\View\View.php(242): CodeIgniter\View\View->render('layout/main', [], true)
110 SYSTEMPATH\View\View.php(242): CodeIgniter\View\View->render('layout/main', [], true)
111 SYSTEMPATH\View\View.php(242): CodeIgniter\View\View->render('layout/main', [], true)
112 SYSTEMPATH\View\View.php(242): CodeIgniter\View\View->render('layout/main', [], true)
113 SYSTEMPATH\View\View.php(242): CodeIgniter\View\View->render('layout/main', [], true)
114 SYSTEMPATH\View\View.php(242): CodeIgniter\View\View->render('layout/main', [], true)
115 SYSTEMPATH\View\View.php(242): CodeIgniter\View\View->render('layout/main', [], true)
116 SYSTEMPATH\View\View.php(242): CodeIgniter\View\View->render('layout/main', [], true)
117 SYSTEMPATH\View\View.php(242): CodeIgniter\View\View->render('layout/main', [], true)
118 SYSTEMPATH\View\View.php(242): CodeIgniter\View\View->render('layout/main', [], true)
119 SYSTEMPATH\View\View.php(242): CodeIgniter\View\View->render('layout/main', [], true)
120 SYSTEMPATH\View\View.php(242): CodeIgniter\View\View->render('layout/main', [], true)
121 SYSTEMPATH\View\View.php(242): CodeIgniter\View\View->render('layout/main', [], true)
122 SYSTEMPATH\View\View.php(242): CodeIgniter\View\View->render('layout/main', [], true)
123 SYSTEMPATH\View\View.php(242): CodeIgniter\View\View->render('layout/main', [], true)
124 SYSTEMPATH\View\View.php(242): CodeIgniter\View\View->render('layout/main', [], true)
125 SYSTEMPATH\View\View.php(242): CodeIgniter\View\View->render('layout/main', [], true)
126 SYSTEMPATH\View\View.php(242): CodeIgniter\View\View->render('layout/main', [], true)
127 SYSTEMPATH\View\View.php(242): CodeIgniter\View\View->render('layout/main', [], true)
128 SYSTEMPATH\View\View.php(242): CodeIgniter\View\View->render('layout/main', [], true)
129 SYSTEMPATH\View\View.php(242): CodeIgniter\View\View->render('layout/main', [], true)
130 SYSTEMPATH\View\View.php(242): CodeIgniter\View\View->render('layout/main', [], true)
131 SYSTEMPATH\View\View.php(242): CodeIgniter\View\View->render('layout/main', [], true)
132 SYSTEMPATH\View\View.php(242): CodeIgniter\View\View->render('layout/main', [], true)
133 SYSTEMPATH\View\View.php(242): CodeIgniter\View\View->render('layout/main', [], true)
134 SYSTEMPATH\View\View.php(242): CodeIgniter\View\View->render('layout/main', [], true)
135 SYSTEMPATH\View\View.php(242): CodeIgniter\View\View->render('layout/main', [], true)
136 SYSTEMPATH\View\View.php(242): CodeIgniter\View\View->render('layout/main', [], true)
137 SYSTEMPATH\View\View.php(242): CodeIgniter\View\View->render('layout/main', [], true)
138 SYSTEMPATH\View\View.php(242): CodeIgniter\View\View->render('layout/main', [], true)
139 SYSTEMPATH\View\View.php(242): CodeIgniter\View\View->render('layout/main', [], true)
140 SYSTEMPATH\View\View.php(242): CodeIgniter\View\View->render('layout/main', [], true)
141 SYSTEMPATH\View\View.php(242): CodeIgniter\View\View->render('layout/main', [], true)
142 SYSTEMPATH\View\View.php(242): CodeIgniter\View\View->render('layout/main', [], true)
143 SYSTEMPATH\View\View.php(242): CodeIgniter\View\View->render('layout/main', [], true)
144 SYSTEMPATH\View\View.php(242): CodeIgniter\View\View->render('layout/main', [], true)
145 SYSTEMPATH\View\View.php(242): CodeIgniter\View\View->render('layout/main', [], true)
146 SYSTEMPATH\View\View.php(242): CodeIgniter\View\View->render('layout/main', [], true)
147 SYSTEMPATH\View\View.php(242): CodeIgniter\View\View->render('layout/main', [], true)
148 SYSTEMPATH\View\View.php(242): CodeIgniter\View\View->render('layout/main', [], true)
149 SYSTEMPATH\View\View.php(242): CodeIgniter\View\View->render('layout/main', [], true)
150 SYSTEMPATH\View\View.php(242): CodeIgniter\View\View->render('layout/main', [], true)
151 SYSTEMPATH\View\View.php(242): CodeIgniter\View\View->render('layout/main', [], true)
152 SYSTEMPATH\View\View.php(242): CodeIgniter\View\View->render('layout/main', [], true)
153 SYSTEMPATH\View\View.php(242): CodeIgniter\View\View->render('layout/main', [], true)
154 SYSTEMPATH\View\View.php(242): CodeIgniter\View\View->render('layout/main', [], true)
155 SYSTEMPATH\View\View.php(242): CodeIgniter\View\View->render('layout/main', [], true)
156 SYSTEMPATH\View\View.php(242): CodeIgniter\View\View->render('layout/main', [], true)
157 SYSTEMPATH\View\View.php(242): CodeIgniter\View\View->render('layout/main', [], true)
158 SYSTEMPATH\View\View.php(242): CodeIgniter\View\View->render('layout/main', [], true)
159 SYSTEMPATH\View\View.php(242): CodeIgniter\View\View->render('layout/main', [], true)
160 SYSTEMPATH\View\View.php(242): CodeIgniter\View\View->render('layout/main', [], true)
161 SYSTEMPATH\View\View.php(242): CodeIgniter\View\View->render('layout/main', [], true)
162 SYSTEMPATH\View\View.php(242): CodeIgniter\View\View->render('layout/main', [], true)
163 SYSTEMPATH\View\View.php(242): CodeIgniter\View\View->render('layout/main', [], true)
164 SYSTEMPATH\View\View.php(242): CodeIgniter\View\View->render('layout/main', [], true)
165 SYSTEMPATH\View\View.php(242): CodeIgniter\View\View->render('layout/main', [], true)
166 SYSTEMPATH\View\View.php(242): CodeIgniter\View\View->render('layout/main', [], true)
167 SYSTEMPATH\View\View.php(242): CodeIgniter\View\View->render('layout/main', [], true)
168 SYSTEMPATH\View\View.php(242): CodeIgniter\View\View->render('layout/main', [], true)
169 SYSTEMPATH\View\View.php(242): CodeIgniter\View\View->render('layout/main', [], true)
170 SYSTEMPATH\View\View.php(242): CodeIgniter\View\View->render('layout/main', [], true)
171 SYSTEMPATH\View\View.php(242): CodeIgniter\View\View->render('layout/main', [], true)
172 SYSTEMPATH\View\View.php(242): CodeIgniter\View\View->render('layout/main', [], true)
173 SYSTEMPATH\View\View.php(242): CodeIgniter\View\View->render('layout/main', [], true)
174 SYSTEMPATH\View\View.php(242): CodeIgniter\View\View->render('layout/main', [], true)
175 SYSTEMPATH\View\View.php(242): CodeIgniter\View\View->render('layout/main', [], true)
176 SYSTEMPATH\View\View.php(242): CodeIgniter\View\View->render('layout/main', [], true)
177 SYSTEMPATH\View\View.php(242): CodeIgniter\View\View->render('layout/main', [], true)
178 SYSTEMPATH\View\View.php(242): CodeIgniter\View\View->render('layout/main', [], true)
179 SYSTEMPATH\View\View.php(242): CodeIgniter\View\View->render('layout/main', [], true)
180 SYSTEMPATH\View\View.php(242): CodeIgniter\View\View->render('layout/main', [], true)
181 SYSTEMPATH\View\View.php(242): CodeIgniter\View\View->render('layout/main', [], true)
182 SYSTEMPATH\View\View.php(242): CodeIgniter\View\View->render('layout/main', [], true)
183 SYSTEMPATH\View\View.php(242): CodeIgniter\View\View->render('layout/main', [], true)
184 SYSTEMPATH\View\View.php(242): CodeIgniter\View\View->render('layout/main', [], true)
185 SYSTEMPATH\View\View.php(242): CodeIgniter\View\View->render('layout/main', [], true)
186 SYSTEMPATH\View\View.php(242): CodeIgniter\View\View->render('layout/main', [], true)
187 SYSTEMPATH\View\View.php(242): CodeIgniter\View\View->render('layout/main', [], true)
188 SYSTEMPATH\View\View.php(242): CodeIgniter\View\View->render('layout/main', [], true)
189 SYSTEMPATH\View\View.php(242): CodeIgniter\View\View->render('layout/main', [], true)
190 SYSTEMPATH\View\View.php(242): CodeIgniter\View\View->render('layout/main', [], true)
191 SYSTEMPATH\View\View.php(242): CodeIgniter\View\View->render('layout/main', [], true)
192 SYSTEMPATH\View\View.php(242): CodeIgniter\View\View->render('layout/main', [], true)
193 SYSTEMPATH\View\View.php(242): CodeIgniter\View\View->render('layout/main', [], true)
194 SYSTEMPATH\View\View.php(242): CodeIgniter\View\View->render('layout/main', [], true)
195 SYSTEMPATH\View\View.php(242): CodeIgniter\View\View->render('layout/main', [], true)
196 SYSTEMPATH\View\View.php(242): CodeIgniter\View\View->render('layout/main', [], true)
197 SYSTEMPATH\View\View.php(242): CodeIgniter\View\View->render('layout/main', [], true)
198 SYSTEMPATH\View\View.php(242): CodeIgniter\View\View->render('layout/main', [], true)
199 SYSTEMPATH\View\View.php(242): CodeIgniter\View\View->render('layout/main', [], true)
200 SYSTEMPATH\View\View.php(242): CodeIgniter\View\View->render('layout/main', [], true)
201 SYSTEMPATH\View\View.php(242): CodeIgniter\View\View->render('layout/main', [], true)
202 SYSTEMPATH\View\View.php(242): CodeIgniter\View\View->render('layout/main', [], true)
203 SYSTEMPATH\View\View.php(242): CodeIgniter\View\View->render('layout/main', [], true)
204 SYSTEMPATH\View\View.php(242): CodeIgniter\View\View->render('layout/main', [], true)
205 SYSTEMPATH\View\View.php(242): CodeIgniter\View\View->render('layout/main', [], true)
206 SYSTEMPATH\View\View.php(242): CodeIgniter\View\View->render('layout/main', [], true)
207 SYSTEMPATH\View\View.php(242): CodeIgniter\View\View->render('layout/main', [], true)
208 SYSTEMPATH\View\View.php(242): CodeIgniter\View\View->render('layout/main', [], true)
209 SYSTEMPATH\View\View.php(242): CodeIgniter\View\View->render('layout/main', [], true)
210 SYSTEMPATH\View\View.php(242): CodeIgniter\View\View->render('layout/main', [], true)
211 SYSTEMPATH\View\View.php(242): CodeIgniter\View\View->render('layout/main', [], true)
212 SYSTEMPATH\View\View.php(242): CodeIgniter\View\View->render('layout/main', [], true)
213 SYSTEMPATH\View\View.php(242): CodeIgniter\View\View->render('layout/main', [], true)
214 SYSTEMPATH\View\View.php(242): CodeIgniter\View\View->render('layout/main', [], true)
215 SYSTEMPATH\View\View.php(242): CodeIgniter\View\View->render('layout/main', [], true)
216 SYSTEMPATH\View\View.php(242): CodeIgniter\View\View->render('layout/main', [], true)
217 SYSTEMPATH\View\View.php(242): CodeIgniter\View\View->render('layout/main', [], true)
218 SYSTEMPATH\View\View.php(242): CodeIgniter\View\View->render('layout/main', [], true)
219 SYSTEMPATH\View\View.php(242): CodeIgniter\View\View->render('layout/main', [], true)
220 SYSTEMPATH\View\View.php(242): CodeIgniter\View\View->render('layout/main', [], true)
221 SYSTEMPATH\View\View.php(242): CodeIgniter\View\View->render('layout/main', [], true)
222 SYSTEMPATH\View\View.php(242): CodeIgniter\View\View->render('layout/main', [], true)
223 SYSTEMPATH\View\View.php(242): CodeIgniter\View\View->render('layout/main', [], true)
224 SYSTEMPATH\View\View.php(242): CodeIgniter\View\View->render('layout/main', [], true)
225 SYSTEMPATH\View\View.php(242): CodeIgniter\View\View->render('layout/main', [], true)
226 SYSTEMPATH\View\View.php(242): CodeIgniter\View\View->render('layout/main', [], true)
227 SYSTEMPATH\View\View.php(242): CodeIgniter\View\View->render('layout/main', [], true)
228 SYSTEMPATH\View\View.php(242): CodeIgniter\View\View->render('layout/main', [], true)
229 SYSTEMPATH\View\View.php(242): CodeIgniter\View\View->render('layout/main', [], true)
230 SYSTEMPATH\View\View.php(242): CodeIgniter\View\View->render('layout/main', [], true)
231 SYSTEMPATH\View\View.php(242): CodeIgniter\View\View->render('layout/main', [], true)
232 SYSTEMPATH\View\View.php(242): CodeIgniter\View\View->render('layout/main', [], true)
233 SYSTEMPATH\View\View.php(242): CodeIgniter\View\View->render('layout/main', [], true)
234 SYSTEMPATH\View\View.php(242): CodeIgniter\View\View->render('layout/main', [], true)
235 SYSTEMPATH\View\View.php(242): CodeIgniter\View\View->render('layout/main', [], true)
236 SYSTEMPATH\View\View.php(242): CodeIgniter\View\View->render('layout/main', [], true)
237 SYSTEMPATH\View\View.php(242): CodeIgniter\View\View->render('layout/main', [], true)
238 SYSTEMPATH\View\View.php(242): CodeIgniter\View\View->render('layout/main', [], true)
239 SYSTEMPATH\View\View.php(242): CodeIgniter\View\View->render('layout/main', [], true)
240 SYSTEMPATH\View\View.php(242): CodeIgniter\View\View->render('layout/main', [], true)
241 SYSTEMPATH\View\View.php(242): CodeIgniter\View\View->render('layout/main', [], true)
242 SYSTEMPATH\View\View.php(242): CodeIgniter\View\View->render('layout/main', [], true)
243 SYSTEMPATH\View\View.php(242): CodeIgniter\View\View->render('layout/main', [], true)
244 SYSTEMPATH\View\View.php(242): CodeIgniter\View\View->render('layout/main', [], true)
245 SYSTEMPATH\View\View.php(242): CodeIgniter\View\View->render('layout/main', [], true)
246 SYSTEMPATH\View\View.php(242): CodeIgniter\View\View->render('layout/main', [], true)
247 SYSTEMPATH\View\View.php(242): CodeIgniter\View\View->render('layout/main', [], true)
248 SYSTEMPATH\View\View.php(242): CodeIgniter\View\View->render('layout/main', [], true)
249 SYSTEMPATH\View\View.php(242): CodeIgniter\View\View->render('layout/main', [], true)
250 SYSTEMPATH\View\View.php(242): CodeIgniter\View\View->render('layout/main', [], true)
251 SYSTEMPATH\View\View.php(242): CodeIgniter\View\View->render('layout/main', [], true)
252 SYSTEMPATH\View\View.php(242): CodeIgniter\View\View->render('layout/main', [], true)
253 SYSTEMPATH\View\View.php(242): CodeIgniter\View\View->render('layout/main', [], true)
254 SYSTEMPATH\View\View.php(242): CodeIgniter\View\View->render('layout/main', [], true)
255 SYSTEMPATH\View\View.php(242): CodeIgniter\View\View->render('layout/main', [], true)
256 SYSTEMPATH\View\View.php(242): CodeIgniter\View\View->render('layout/main', [], true)
257 SYSTEMPATH\View\View.php(242): CodeIgniter\View\View->render('layout/main', [], true)
258 SYSTEMPATH\View\View.php(242): CodeIgniter\View\View->render('layout/main', [], true)
259 SYSTEMPATH\View\View.php(242): CodeIgniter\View\View->render('layout/main', [], true)
260 SYSTEMPATH\View\View.php(242): CodeIgniter\View\View->render('layout/main', [], true)
261 SYSTEMPATH\View\View.php(242): CodeIgniter\View\View->render('layout/main', [], true)
262 SYSTEMPATH\View\View.php(242): CodeIgniter\View\View->render('layout/main', [], true)
263 SYSTEMPATH\View\View.php(242): CodeIgniter\View\View->render('layout/main', [], true)
264 SYSTEMPATH\View\View.php(242): CodeIgniter\View\View->render('layout/main', [], true)
265 SYSTEMPATH\View\View.php(242): CodeIgniter\View\View->render('layout/main', [], true)
266 SYSTEMPATH\View\View.php(242): CodeIgniter\View\View->render('layout/main', [], true)
267 SYSTEMPATH\View\View.php(242): CodeIgniter\View\View->render('layout/main', [], true)
268 SYSTEMPATH\View\View.php(242): CodeIgniter\View\View->render('layout/main', [], true)
269 SYSTEMPATH\View\View.php(242): CodeIgniter\View\View->render('layout/main', [], true)
270 SYSTEMPATH\View\View.php(242): CodeIgniter\View\View->render('layout/main', [], true)
271 SYSTEMPATH\View\View.php(242): CodeIgniter\View\View->render('layout/main', [], true)
272 SYSTEMPATH\View\View.php(242): CodeIgniter\View\View->render('layout/main', [], true)
273 SYSTEMPATH\View\View.php(242): CodeIgniter\View\View->render('layout/main', [], true)
274 SYSTEMPATH\View\View.php(242): CodeIgniter\View\View->render('layout/main', [], true)
275 SYSTEMPATH\View\View.php(242): CodeIgniter\View\View->render('layout/main', [], true)
276 SYSTEMPATH\View\View.php(242): CodeIgniter\View\View->render('layout/main', [], true)
277 SYSTEMPATH\View\View.php(242): CodeIgniter\View\View->render('layout/main', [], true)
278 SYSTEMPATH\View\View.php(242): CodeIgniter\View\View->render('layout/main', [], true)
279 SYSTEMPATH\View\View.php(242): CodeIgniter\View\View->render('layout/main', [], true)
280 SYSTEMPATH\View\View.php(242): CodeIgniter\View\View->render('layout/main', [], true)
281 SYSTEMPATH\View\View.php(242): CodeIgniter\View\View->render('layout/main', [], true)
282 SYSTEMPATH\View\View.php(242): CodeIgniter\View\View->render('layout/main', [], true)
283 SYSTEMPATH\View\View.php(242): CodeIgniter\View\View->render('layout/main', [], true)
284 SYSTEMPATH\View\View.php(242): CodeIgniter\View\View->render('layout/main', [], true)
285 SYSTEMPATH\View\View.php(242): CodeIgniter\View\View->render('layout/main', [], true)
286 SYSTEMPATH\View\View.php(242): CodeIgniter\View\View->render('layout/main', [], true)
287 SYSTEMPATH\View\View.php(242): CodeIgniter\View\View->render('layout/main', [], true)
288 SYSTEMPATH\View\View.php(242): CodeIgniter\View\View->render('layout/main', [], true)
289 SYSTEMPATH\View\View.php(242): CodeIgniter\View\View->render('layout/main', [], true)
290 SYSTEMPATH\View\View.php(242): CodeIgniter\View\View->render('layout/main', [], true)
291 SYSTEMPATH\View\View.php(242): CodeIgniter\View\View->render('layout/main', [], true)
292 SYSTEMPATH\View\View.php(242): CodeIgniter\View\View->render('layout/main', [], true)
293 SYSTEMPATH\View\View.php(242): CodeIgniter\View\View->render('layout/main', [], true)
294 SYSTEMPATH\View\View.php(242): CodeIgniter\View\View->render('layout/main', [], true)
295 SYSTEMPATH\View\View.php(242): CodeIgniter\View\View->render('layout/main', [], true)
296 SYSTEMPATH\View\View.php(242): CodeIgniter\View\View->render('layout/main', [], true)
297 SYSTEMPATH\View\View.php(242): CodeIgniter\View\View->render('layout/main', [], true)
298 SYSTEMPATH\View\View.php(242): CodeIgniter\View\View->render('layout/main', [], true)
299 SYSTEMPATH\View\View.php(242): CodeIgniter\View\View->render('layout/main', [], true)
300 SYSTEMPATH\View\View.php(242): CodeIgniter\View\View->render('layout/main', [], true)
301 SYSTEMPATH\View\View.php(242): CodeIgniter\View\View->render('layout/main', [], true)
302 SYSTEMPATH\View\View.php(242): CodeIgniter\View\View->render('layout/main', [], true)
303 SYSTEMPATH\View\View.php(242): CodeIgniter\View\View->render('layout/main', [], true)
304 SYSTEMPATH\View\View.php(242): CodeIgniter\View\View->render('layout/main', [], true)
305 SYSTEMPATH\View\View.php(242): CodeIgniter\View\View->render('layout/main', [], true)
306 SYSTEMPATH\View\View.php(242): CodeIgniter\View\View->render('layout/main', [], true)
307 SYSTEMPATH\View\View.php(242): CodeIgniter\View\View->render('layout/main', [], true)
308 SYSTEMPATH\View\View.php(242): CodeIgniter\View\View->render('layout/main', [], true)
309 SYSTEMPATH\View\View.php(242): CodeIgniter\View\View->render('layout/main', [], true)
310 SYSTEMPATH\View\View.php(242): CodeIgniter\View\View->render('layout/main', [], true)
311 SYSTEMPATH\View\View.php(242): CodeIgniter\View\View->render('layout/main', [], true)
312 SYSTEMPATH\View\View.php(242): CodeIgniter\View\View->render('layout/main', [], true)
313 SYSTEMPATH\View\View.php(242): CodeIgniter\View\View->render('layout/main', [], true)
314 SYSTEMPATH\View\View.php(242): CodeIgniter\View\View->render('layout/main', [], true)
315 SYSTEMPATH\View\View.php(242): CodeIgniter\View\View->render('layout/main', [], true)
316 SYSTEMPATH\View\View.php(242): CodeIgniter\View\View->render('layout/main', [], true)
317 SYSTEMPATH\View\View.php(242): CodeIgniter\View\View->render('layout/main', [], true)
318 SYSTEMPATH\View\View.php(242): CodeIgniter\View\View->render('layout/main', [], true)
319 SYSTEMPATH\View\View.php(242): CodeIgniter\View\View->render('layout/main', [], true)
320 SYSTEMPATH\View\View.php(242): CodeIgniter\View\View->render('layout/main', [], true)
321 SYSTEMPATH\View\View.php(242): CodeIgniter\View\View->render('layout/main', [], true)
322 SYSTEMPATH\View\View.php(242): CodeIgniter\View\View->render('layout/main', [], true)
323 SYSTEMPATH\View\View.php(242): CodeIgniter\View\View->render('layout/main', [], true)
324 SYSTEMPATH\View\View.php(242): CodeIgniter\View\View->render('layout/main', [], true)
325 SYSTEMPATH\View\View.php(242): CodeIgniter\View\View->render('layout/main', [], true)
326 SYSTEMPATH\View\View.php(242): CodeIgniter\View\View->render('layout/main', [], true)
327 SYSTEMPATH\View\View.php(242): CodeIgniter\View\View->render('layout/main', [], true)
328 SYSTEMPATH\View\View.php(242): CodeIgniter\View\View->render('layout/main', [], true)
329 SYSTEMPATH\View\View.php(242): CodeIgniter\View\View->render('layout/main', [], true)
330 SYSTEMPATH\View\View.php(242): CodeIgniter\View\View->render('layout/main', [], true)
331 SYSTEMPATH\View\View.php(242): CodeIgniter\View\View->render('layout/main', [], true)
332 SYSTEMPATH\View\View.php(242): CodeIgniter\View\View->render('layout/main', [], true)
333 SYSTEMPATH\View\View.php(242): CodeIgniter\View\View->render('layout/main', [], true)
334 SYSTEMPATH\View\View.php(242): CodeIgniter\View\View->render('layout/main', [], true)
335 SYSTEMPATH\View\View.php(242): CodeIgniter\View\View->render('layout/main', [], true)
336 SYSTEMPATH\View\View.php(242): CodeIgniter\View\View->render('layout/main', [], true)
337 SYSTEMPATH\View\View.php(242): CodeIgniter\View\View->render('layout/main', [], true)
338 SYSTEMPATH\View\View.php(242): CodeIgniter\View\View->render('layout/main', [], true)
339 SYSTEMPATH\View\View.php(242): CodeIgniter\View\View->render('layout/main', [], true)
340 SYSTEMPATH\View\View.php(242): CodeIgniter\View\View->render('layout/main', [], true)
341 SYSTEMPATH\View\View.php(242): CodeIgniter\View\View->render('layout/main', [], true)
342 SYSTEMPATH\View\View.php(242): CodeIgniter\View\View->render('layout/main', [], true)
343 SYSTEMPATH\View\View.php(242): CodeIgniter\View\View->render('layout/main', [], true)
344 SYSTEMPATH\View\View.php(242): CodeIgniter\View\View->render('layout/main', [], true)
345 SYSTEMPATH\View\View.php(242): CodeIgniter\View\View->render('layout/main', [], true)
346 SYSTEMPATH\View\View.php(242): CodeIgniter\View\View->render('layout/main', [], true)
347 SYSTEMPATH\View\View.php(242): CodeIgniter\View\View->render('layout/main', [], true)
348 SYSTEMPATH\View\View.php(242): CodeIgniter\View\View->render('layout/main', [], true)
349 SYSTEMPATH\View\View.php(242): CodeIgniter\View\View->render('layout/main', [], true)
350 SYSTEMPATH\View\View.php(242): CodeIgniter\View\View->render('layout/main', [], true)
351 SYSTEMPATH\View\View.php(242): CodeIgniter\View\View->render('layout/main', [], true)
352 SYSTEMPATH\View\View.php(242): CodeIgniter\View\View->render('layout/main', [], true)
353 SYSTEMPATH\View\View.php(242): CodeIgniter\View\View->render('layout/main', [], true)
354 SYSTEMPATH\View\View.php(242): CodeIgniter\View\View->render('layout/main', [], true)
355 SYSTEMPATH\View\View.php(242): CodeIgniter\View\View->render('layout/main', [], true)
356 SYSTEMPATH\View\View.php(242): CodeIgniter\View\View->render('layout/main', [], true)
357 SYSTEMPATH\View\View.php(242): CodeIgniter\View\View->render('layout/main', [], true)
358 SYSTEMPATH\View\View.php(242): CodeIgniter\View\View->render('layout/main', [], true)
359 SYSTEMPATH\View\View.php(242): CodeIgniter\View\View->render('layout/main', [], true)
360 SYSTEMPATH\View\View.php(242): CodeIgniter\View\View->render('layout/main', [], true)
361 SYSTEMPATH\View\View.php(242): CodeIgniter\View\View->render('layout/main', [], true)
362 SYSTEMPATH\View\View.php(242): CodeIgniter\View\View->render('layout/main', [], true)
363 SYSTEMPATH\View\View.php(242): CodeIgniter\View\View->render('layout/main', [], true)
364 SYSTEMPATH\View\View.php(242): CodeIgniter\View\View->render('layout/main', [], true)
365 SYSTEMPATH\View\View.php(242): CodeIgniter\View\View->render('layout/main', [], true)
366 SYSTEMPATH\View\View.php(242): CodeIgniter\View\View->render('layout/main', [], true)
367 SYSTEMPATH\View\View.php(242): CodeIgniter\View\View->render('layout/main', [], true)
368 SYSTEMPATH\View\View.php(242): CodeIgniter\View\View->render('layout/main', [], true)
369 SYSTEMPATH\View\View.php(242): CodeIgniter\View\View->render('layout/main', [], true)
370 SYSTEMPATH\View\View.php(242): CodeIgniter\View\View->render('layout/main', [], true)
371 SYSTEMPATH\View\View.php(242): CodeIgniter\View\View->render('layout/main', [], true)
372 SYSTEMPATH\View\View.php(242): CodeIgniter\View\View->render('layout/main', [], true)
373 SYSTEMPATH\View\View.php(242): CodeIgniter\View\View->render('layout/main', [], true)
374 SYSTEMPATH\View\View.php(242): CodeIgniter\View\View->render('layout/main', [], true)
375 SYSTEMPATH\View\View.php(242): CodeIgniter\View\View->render('layout/main', [], true)
376 SYSTEMPATH\View\View.php(242): CodeIgniter\View\View->render('layout/main', [], true)
377 SYSTEMPATH\View\View.php(242): CodeIgniter\View\View->render('layout/main', [], true)
378 SYSTEMPATH\View\View.php(242): CodeIgniter\View\View->render('layout/main', [], true)
379 SYSTEMPATH\View\View.php(242): CodeIgniter\View\View->render('layout/main', [], true)
380 SYSTEMPATH\View\View.php(242): CodeIgniter\View\View->render('layout/main', [], true)
381 SYSTEMPATH\View\View.php(242): CodeIgniter\View\View->render('layout/main', [], true)
382 SYSTEMPATH\View\View.php(242): CodeIgniter\View\View->render('layout/main', [], true)
383 SYSTEMPATH\View\View.php(242): CodeIgniter\View\View->render('layout/main', [], true)
384 SYSTEMPATH\View\View.php(242): CodeIgniter\View\View->render('layout/main', [], true)
385 SYSTEMPATH\View\View.php(242): CodeIgniter\View\View->render('layout/main', [], true)
386 SYSTEMPATH\View\View.php(242): CodeIgniter\View\View->render('layout/main', [], true)
387 SYSTEMPATH\View\View.php(242): CodeIgniter\View\View->render('layout/main', [], true)
388 SYSTEMPATH\View\View.php(242): CodeIgniter\View\View->render('layout/main', [], true)
389 SYSTEMPATH\View\View.php(242): CodeIgniter\View\View->render('layout/main', [], true)
390 SYSTEMPATH\View\View.php(242): CodeIgniter\View\View->render('layout/main', [], true)
391 SYSTEMPATH\View\View.php(242): CodeIgniter\View\View->render('layout/main', [], true)
392 SYSTEMPATH\View\View.php(242): CodeIgniter\View\View->render('layout/main', [], true)
393 SYSTEMPATH\View\View.php(242): CodeIgniter\View\View->render('layout/main', [], true)
394 SYSTEMPATH\View\View.php(242): CodeIgniter\View\View->render('layout/main', [], true)
395 SYSTEMPATH\View\View.php(242): CodeIgniter\View\View->render('layout/main', [], true)
396 SYSTEMPATH\View\View.php(242): CodeIgniter\View\View->render('layout/main', [], true)
397 SYSTEMPATH\View\View.php(242): CodeIgniter\View\View->render('layout/main', [], true)
398 SYSTEMPATH\View\View.php(242): CodeIgniter\View\View->render('layout/main', [], true)
399 SYSTEMPATH\View\View.php(242): CodeIgniter\View\View->render('layout/main', [], true)
400 SYSTEMPATH\View\View.php(242): CodeIgniter\View\View->render('layout/main', [], true)
401 SYSTEMPATH\View\View.php(242): CodeIgniter\View\View->render('layout/main', [], true)
402 SYSTEMPATH\View\View.php(242): CodeIgniter\View\View->render('layout/main', [], true)
403 SYSTEMPATH\View\View.php(242): CodeIgniter\View\View->render('layout/main', [], true)
404 SYSTEMPATH\View\View.php(242): CodeIgniter\View\View->render('layout/main', [], true)
405 SYSTEMPATH\View\View.php(242): CodeIgniter\View\View->render('layout/main', [], true)
406 SYSTEMPATH\View\View.php(242): CodeIgniter\View\View->render('layout/main', [], true)
407 SYSTEMPATH\View\View.php(242): CodeIgniter\View\View->render('layout/main', [], true)
408 SYSTEMPATH\View\View.php(242): CodeIgniter\View\View->render('layout/main', [], true)
409 SYSTEMPATH\View\View.php(242): CodeIgniter\View\View->render('layout/main', [], true)
410 SYSTEMPATH\View\View.php(242): CodeIgniter\View\View->render('layout/main', [], true)
411 SYSTEMPATH\View\View.php(242): CodeIgniter\View\View->render('layout/main', [], true)
412 SYSTEMPATH\View\View.php(242): CodeIgniter\View\View->render('layout/main', [], true)
413 SYSTEMPATH\View\View.php(242): CodeIgniter\View\View->render('layout/main', [], true)
414 SYSTEMPATH\View\View.php(242): CodeIgniter\View\View->render('layout/main', [], true)
415 SYSTEMPATH\View\View.php(242): CodeIgniter\View\View->render('layout/main', [], true)
416 SYSTEMPATH\View\View.php(242): CodeIgniter\View\View->render('layout/main', [], true)
417 SYSTEMPATH\View\View.php(242): CodeIgniter\View\View->render('layout/main', [], true)
418 SYSTEMPATH\View\View.php(242): CodeIgniter\View\View->render('layout/main', [], true)
419 SYSTEMPATH\View\View.php(242): CodeIgniter\View\View->render('layout/main', [], true)
420 SYSTEMPATH\View\View.php(242): CodeIgniter\View\View->render('layout/main', [], true)
421 SYSTEMPATH\View\View.php(242): CodeIgniter\View\View->render('layout/main', [], true)
422 SYSTEMPATH\View\View.php(242): CodeIgniter\View\View->render('layout/main', [], true)
423 SYSTEMPATH\View\View.php(242): CodeIgniter\View\View->render('layout/main', [], true)
424 SYSTEMPATH\View\View.php(242): CodeIgniter\View\View->render('layout/main', [], true)
425 SYSTEMPATH\View\View.php(242): CodeIgniter\View\View->render('layout/main', [], true)
426 SYSTEMPATH\View\View.php(242): CodeIgniter\View\View->render('layout/main', [], true)
427 SYSTEMPATH\View\View.php(242): CodeIgniter\View\View->render('layout/main', [], true)
428 SYSTEMPATH\View\View.php(242): CodeIgniter\View\View->render('layout/main', [], true)
429 SYSTEMPATH\View\View.php(242): CodeIgniter\View\View->render('layout/main', [], true)
430 SYSTEMPATH\View\View.php(242): CodeIgniter\View\View->render('layout/main', [], true)
431 SYSTEMPATH\View\View.php(242): CodeIgniter\View\View->render('layout/main', [], true)
432 SYSTEMPATH\View\View.php(242): CodeIgniter\View\View->render('layout/main', [], true)
433 SYSTEMPATH\View\View.php(242): CodeIgniter\View\View->render('layout/main', [], true)
434 SYSTEMPATH\View\View.php(242): CodeIgniter\View\View->render('layout/main', [], true)
435 SYSTEMPATH\View\View.php(242): CodeIgniter\View\View->render('layout/main', [], true)
436 SYSTEMPATH\View\View.php(242): CodeIgniter\View\View->render('layout/main', [], true)
437 SYSTEMPATH\View\View.php(242): CodeIgniter\View\View->render('layout/main', [], true)
438 SYSTEMPATH\View\View.php(242): CodeIgniter\View\View->render('layout/main', [], true)
439 SYSTEMPATH\View\View.php(242): CodeIgniter\View\View->render('layout/main', [], true)
440 SYSTEMPATH\View\View.php(242): CodeIgniter\View\View->render('layout/main', [], true)
441 SYSTEMPATH\View\View.php(242): CodeIgniter\View\View->render('layout/main', [], true)
442 SYSTEMPATH\View\View.php(242): CodeIgniter\View\View->render('layout/main', [], true)
443 SYSTEMPATH\View\View.php(242): CodeIgniter\View\View->render('layout/main', [], true)
444 SYSTEMPATH\View\View.php(242): CodeIgniter\View\View->render('layout/main', [], true)
445 SYSTEMPATH\View\View.php(242): CodeIgniter\View\View->render('layout/main', [], true)
446 SYSTEMPATH\View\View.php(242): CodeIgniter\View\View->render('layout/main', [], true)
447 SYSTEMPATH\View\View.php(242): CodeIgniter\View\View->render('layout/main', [], true)
448 SYSTEMPATH\View\View.php(242): CodeIgniter\View\View->render('layout/main', [], true)
449 SYSTEMPATH\View\View.php(242): CodeIgniter\View\View->render('layout/main', [], true)
450 SYSTEMPATH\View\View.php(242): CodeIgniter\View\View->render('layout/main', [], true)
451 SYSTEMPATH\View\View.php(242): CodeIgniter\View\View->render('layout/main', [], true)
452 SYSTEMPATH\View\View.php(242): CodeIgniter\View\View->render('layout/main', [], true)
453 SYSTEMPATH\View\View.php(242): CodeIgniter\View\View->render('layout/main', [], true)
454 SYSTEMPATH\View\View.php(242): CodeIgniter\View\View->render('layout/main', [], true)
455 SYSTEMPATH\View\View.php(242): CodeIgniter\View\View->render('layout/main', [], true)
456 SYSTEMPATH\View\View.php(242): CodeIgniter\View\View->render('layout/main', [], true)
457 SYSTEMPATH\View\View.php(242): CodeIgniter\View\View->render('layout/main', [], true)
458 SYSTEMPATH\View\View.php(242): CodeIgniter\View\View->render('layout/main', [], true)
459 SYSTEMPATH\View\View.php(242): CodeIgniter\View\View->render('layout/main', [], true)
460 SYSTEMPATH\View\View.php(242): CodeIgniter\View\View->render('layout/main', [], true)
461 SYSTEMPATH\View\View.php(242): CodeIgniter\View\View->render('layout/main', [], true)
462 SYSTEMPATH\View\View.php(242): CodeIgniter\View\View->render('layout/main', [], true)
463 SYSTEMPATH\View\View.php(242): CodeIgniter\View\View->render('layout/main', [], true)
464 SYSTEMPATH\View\View.php(242): CodeIgniter\View\View->render('layout/main', [], true)
465 SYSTEMPATH\View\View.php(242): CodeIgniter\View\View->render('layout/main', [], true)
466 SYSTEMPATH\View\View.php(242): CodeIgniter\View\View->render('layout/main', [], true)
467 SYSTEMPATH\View\View.php(242): CodeIgniter\View\View->render('layout/main', [], true)
468 SYSTEMPATH\View\View.php(242): CodeIgniter\View\View->render('layout/main', [], true)
469 SYSTEMPATH\View\View.php(242): CodeIgniter\View\View->render('layout/main', [], true)
470 SYSTEMPATH\View\View.php(242): CodeIgniter\View\View->render('layout/main', [], true)
471 SYSTEMPATH\View\View.php(242): CodeIgniter\View\View->render('layout/main', [], true)
472 SYSTEMPATH\View\View.php(242): CodeIgniter\View\View->render('layout/main', [], true)
473 SYSTEMPATH\View\View.php(242): CodeIgniter\View\View->render('layout/main', [], true)
474 SYSTEMPATH\View\View.php(242): CodeIgniter\View\View->render('layout/main', [], true)
475 SYSTEMPATH\View\View.php(242): CodeIgniter\View\View->render('layout/main', [], true)
476 SYSTEMPATH\View\View.php(242): CodeIgniter\View\View->render('layout/main', [], true)
477 SYSTEMPATH\View\View.php(242): CodeIgniter\View\View->render('layout/main', [], true)
478 SYSTEMPATH\View\View.php(242): CodeIgniter\View\View->render('layout/main', [], true)
479 SYSTEMPATH\View\View.php(242): CodeIgniter\View\View->render('layout/main', [], true)
480 SYSTEMPATH\View\View.php(242): CodeIgniter\View\View->render('layout/main', [], true)
481 SYSTEMPATH\View\View.php(242): CodeIgniter\View\View->render('layout/main', [], true)
482 SYSTEMPATH\View\View.php(242): CodeIgniter\View\View->render('layout/main', [], true)
483 SYSTEMPATH\View\View.php(242): CodeIgniter\View\View->render('layout/main', [], true)
484 SYSTEMPATH\View\View.php(242): CodeIgniter\View\View->render('layout/main', [], true)
485 SYSTEMPATH\View\View.php(242): CodeIgniter\View\View->render('layout/main', [], true)
486 SYSTEMPATH\View\View.php(242): CodeIgniter\View\View->render('layout/main', [], true)
487 SYSTEMPATH\View\View.php(242): CodeIgniter\View\View->render('layout/main', [], true)
488 SYSTEMPATH\View\View.php(242): CodeIgniter\View\View->render('layout/main', [], true)
489 SYSTEMPATH\View\View.php(242): CodeIgniter\View\View->render('layout/main', [], true)
490 SYSTEMPATH\View\View.php(242): CodeIgniter\View\View->render('layout/main', [], true)
491 SYSTEMPATH\View\View.php(242): CodeIgniter\View\View->render('layout/main', [], true)
492 SYSTEMPATH\View\View.php(242): CodeIgniter\View\View->render('layout/main', [], true)
493 SYSTEMPATH\View\View.php(242): CodeIgniter\View\View->render('layout/main', [], true)
494 SYSTEMPATH\View\View.php(242): CodeIgniter\View\View->render('layout/main', [], true)
495 SYSTEMPATH\View\View.php(242): CodeIgniter\View\View->render('layout/main', [], true)
496 SYSTEMPATH\View\View.php(242): CodeIgniter\View\View->render('layout/main', [], true)
497 SYSTEMPATH\View\View.php(242): CodeIgniter\View\View->render('layout/main', [], true)
498 SYSTEMPATH\View\View.php(242): CodeIgniter\View\View->render('layout/main', [], true)
499 SYSTEMPATH\View\View.php(242): CodeIgniter\View\View->render('layout/main', [], true)
500 SYSTEMPATH\View\View.php(242): CodeIgniter\View\View->render('layout/main', [], true)
501 SYSTEMPATH\View\View.php(242): CodeIgniter\View\View->render('layout/main', [], true)
502 SYSTEMPATH\View\View.php(242): CodeIgniter\View\View->render('layout/main', [], true)
503 SYSTEMPATH\View\View.php(242): CodeIgniter\View\View->render('layout/main', [], true)
504 SYSTEMPATH\Common.php(1199): CodeIgniter\View\View->render('dashboard', [], true)
505 APPPATH\Controllers\Home.php(25): view('dashboard', [...])
506 SYSTEMPATH\CodeIgniter.php(933): App\Controllers\Home->index()
507 SYSTEMPATH\CodeIgniter.php(507): CodeIgniter\CodeIgniter->runController(Object(App\Controllers\Home))
508 SYSTEMPATH\CodeIgniter.php(354): CodeIgniter\CodeIgniter->handleRequest(null, Object(Config\Cache), false)
509 SYSTEMPATH\Boot.php(363): CodeIgniter\CodeIgniter->run()
510 SYSTEMPATH\Boot.php(68): CodeIgniter\Boot::runCodeIgniter(Object(CodeIgniter\CodeIgniter))
511 FCPATH\index.php(59): CodeIgniter\Boot::bootWeb(Object(Config\Paths))
512 SYSTEMPATH\rewrite.php(44): require_once('C:\\wamp64\\www\\HostMaster\\public\\index.php')
CRITICAL - 2026-03-05 10:14:45 --> ErrorException: Undefined variable $client
[Method: GET, Route: clients]
in APPPATH\Views\client\dashboard.php on line 11.
 1 APPPATH\Views\client\dashboard.php(11): CodeIgniter\Debug\Exceptions->errorHandler(2, 'Undefined variable $client', 'C:\\wamp64\\www\\HostMaster\\app\\Views\\client\\dashboard.php', 11)
 2 SYSTEMPATH\View\View.php(226): include('C:\\wamp64\\www\\HostMaster\\app\\Views\\client\\dashboard.php')
 3 SYSTEMPATH\View\View.php(229): CodeIgniter\View\View->CodeIgniter\View\{closure}()
 4 SYSTEMPATH\Common.php(1199): CodeIgniter\View\View->render('client/dashboard', [], true)
 5 APPPATH\Controllers\ClientController.php(36): view('client/dashboard', [...])
 6 SYSTEMPATH\CodeIgniter.php(933): App\Controllers\ClientController->index()
 7 SYSTEMPATH\CodeIgniter.php(507): CodeIgniter\CodeIgniter->runController(Object(App\Controllers\ClientController))
 8 SYSTEMPATH\CodeIgniter.php(354): CodeIgniter\CodeIgniter->handleRequest(null, Object(Config\Cache), false)
 9 SYSTEMPATH\Boot.php(363): CodeIgniter\CodeIgniter->run()
10 SYSTEMPATH\Boot.php(68): CodeIgniter\Boot::runCodeIgniter(Object(CodeIgniter\CodeIgniter))
11 FCPATH\index.php(59): CodeIgniter\Boot::bootWeb(Object(Config\Paths))
12 SYSTEMPATH\rewrite.php(44): require_once('C:\\wamp64\\www\\HostMaster\\public\\index.php')
CRITICAL - 2026-03-05 10:14:50 --> ErrorException: Undefined variable $client
[Method: GET, Route: clients]
in APPPATH\Views\client\dashboard.php on line 11.
 1 APPPATH\Views\client\dashboard.php(11): CodeIgniter\Debug\Exceptions->errorHandler(2, 'Undefined variable $client', 'C:\\wamp64\\www\\HostMaster\\app\\Views\\client\\dashboard.php', 11)
 2 SYSTEMPATH\View\View.php(226): include('C:\\wamp64\\www\\HostMaster\\app\\Views\\client\\dashboard.php')
 3 SYSTEMPATH\View\View.php(229): CodeIgniter\View\View->CodeIgniter\View\{closure}()
 4 SYSTEMPATH\Common.php(1199): CodeIgniter\View\View->render('client/dashboard', [], true)
 5 APPPATH\Controllers\ClientController.php(36): view('client/dashboard', [...])
 6 SYSTEMPATH\CodeIgniter.php(933): App\Controllers\ClientController->index()
 7 SYSTEMPATH\CodeIgniter.php(507): CodeIgniter\CodeIgniter->runController(Object(App\Controllers\ClientController))
 8 SYSTEMPATH\CodeIgniter.php(354): CodeIgniter\CodeIgniter->handleRequest(null, Object(Config\Cache), false)
 9 SYSTEMPATH\Boot.php(363): CodeIgniter\CodeIgniter->run()
10 SYSTEMPATH\Boot.php(68): CodeIgniter\Boot::runCodeIgniter(Object(CodeIgniter\CodeIgniter))
11 FCPATH\index.php(59): CodeIgniter\Boot::bootWeb(Object(Config\Paths))
12 SYSTEMPATH\rewrite.php(44): require_once('C:\\wamp64\\www\\HostMaster\\public\\index.php')
CRITICAL - 2026-03-05 10:15:39 --> TypeError: count(): Argument #1 ($value) must be of type Countable|array, null given
[Method: GET, Route: clients/add]
in APPPATH\Views\layout\header.php on line 43.
 1 SYSTEMPATH\View\View.php(226): include()
 2 SYSTEMPATH\View\View.php(229): CodeIgniter\View\View->CodeIgniter\View\{closure}()
 3 SYSTEMPATH\Common.php(1199): CodeIgniter\View\View->render('layout/header', [], true)
 4 APPPATH\Views\layout\main.php(1): view('layout/header')
 5 SYSTEMPATH\View\View.php(226): include('C:\\wamp64\\www\\HostMaster\\app\\Views\\layout\\main.php')
 6 SYSTEMPATH\View\View.php(229): CodeIgniter\View\View->CodeIgniter\View\{closure}()
 7 SYSTEMPATH\View\View.php(242): CodeIgniter\View\View->render('layout/main', [], true)
 8 SYSTEMPATH\Common.php(1199): CodeIgniter\View\View->render('client/add', [], true)
 9 APPPATH\Controllers\ClientController.php(42): view('client/add')
10 SYSTEMPATH\CodeIgniter.php(933): App\Controllers\ClientController->add()
11 SYSTEMPATH\CodeIgniter.php(507): CodeIgniter\CodeIgniter->runController(Object(App\Controllers\ClientController))
12 SYSTEMPATH\CodeIgniter.php(354): CodeIgniter\CodeIgniter->handleRequest(null, Object(Config\Cache), false)
13 SYSTEMPATH\Boot.php(363): CodeIgniter\CodeIgniter->run()
14 SYSTEMPATH\Boot.php(68): CodeIgniter\Boot::runCodeIgniter(Object(CodeIgniter\CodeIgniter))
15 FCPATH\index.php(59): CodeIgniter\Boot::bootWeb(Object(Config\Paths))
16 SYSTEMPATH\rewrite.php(44): require_once('C:\\wamp64\\www\\HostMaster\\public\\index.php')
CRITICAL - 2026-03-05 10:15:39 --> [Caused by] ErrorException: Undefined variable $critical_alerts
in APPPATH\Views\layout\header.php on line 43.
 1 APPPATH\Views\layout\header.php(43): CodeIgniter\Debug\Exceptions->errorHandler(2, 'Undefined variable $critical_alerts', 'C:\\wamp64\\www\\HostMaster\\app\\Views\\layout\\header.php', 43)
 2 SYSTEMPATH\View\View.php(226): include('C:\\wamp64\\www\\HostMaster\\app\\Views\\layout\\header.php')
 3 SYSTEMPATH\View\View.php(229): CodeIgniter\View\View->CodeIgniter\View\{closure}()
 4 SYSTEMPATH\Common.php(1199): CodeIgniter\View\View->render('layout/header', [], true)
 5 APPPATH\Views\layout\main.php(1): view('layout/header')
 6 SYSTEMPATH\View\View.php(226): include('C:\\wamp64\\www\\HostMaster\\app\\Views\\layout\\main.php')
 7 SYSTEMPATH\View\View.php(229): CodeIgniter\View\View->CodeIgniter\View\{closure}()
 8 SYSTEMPATH\View\View.php(242): CodeIgniter\View\View->render('layout/main', [], true)
 9 SYSTEMPATH\Common.php(1199): CodeIgniter\View\View->render('client/add', [], true)
10 APPPATH\Controllers\ClientController.php(42): view('client/add')
11 SYSTEMPATH\CodeIgniter.php(933): App\Controllers\ClientController->add()
12 SYSTEMPATH\CodeIgniter.php(507): CodeIgniter\CodeIgniter->runController(Object(App\Controllers\ClientController))
13 SYSTEMPATH\CodeIgniter.php(354): CodeIgniter\CodeIgniter->handleRequest(null, Object(Config\Cache), false)
14 SYSTEMPATH\Boot.php(363): CodeIgniter\CodeIgniter->run()
15 SYSTEMPATH\Boot.php(68): CodeIgniter\Boot::runCodeIgniter(Object(CodeIgniter\CodeIgniter))
16 FCPATH\index.php(59): CodeIgniter\Boot::bootWeb(Object(Config\Paths))
17 SYSTEMPATH\rewrite.php(44): require_once('C:\\wamp64\\www\\HostMaster\\public\\index.php')
DEBUG - 2026-03-05 10:31:40 --> Session: Class initialized using 'CodeIgniter\Session\Handlers\FileHandler' driver.
ERROR - 2026-03-05 10:43:03 --> mysqli_sql_exception: Unknown column 'updated_at' in 'field list' in C:\wamp64\www\HostMaster\system\Database\MySQLi\Connection.php:327
Stack trace:
#0 C:\wamp64\www\HostMaster\system\Database\MySQLi\Connection.php(327): mysqli->query('INSERT INTO `cl...', 0)
#1 C:\wamp64\www\HostMaster\system\Database\BaseConnection.php(729): CodeIgniter\Database\MySQLi\Connection->execute('INSERT INTO `cl...')
#2 C:\wamp64\www\HostMaster\system\Database\BaseConnection.php(646): CodeIgniter\Database\BaseConnection->simpleQuery('INSERT INTO `cl...')
#3 C:\wamp64\www\HostMaster\system\Database\BaseBuilder.php(2345): CodeIgniter\Database\BaseConnection->query('INSERT INTO `cl...', Array, false)
#4 C:\wamp64\www\HostMaster\system\Model.php(394): CodeIgniter\Database\BaseBuilder->insert()
#5 C:\wamp64\www\HostMaster\system\BaseModel.php(838): CodeIgniter\Model->doInsert(Array)
#6 C:\wamp64\www\HostMaster\system\Model.php(797): CodeIgniter\BaseModel->insert(Array, false)
#7 C:\wamp64\www\HostMaster\system\BaseModel.php(751): CodeIgniter\Model->insert(Array, false)
#8 C:\wamp64\www\HostMaster\app\Controllers\ClientController.php(66): CodeIgniter\BaseModel->save(Array)
#9 C:\wamp64\www\HostMaster\system\CodeIgniter.php(933): App\Controllers\ClientController->store()
#10 C:\wamp64\www\HostMaster\system\CodeIgniter.php(507): CodeIgniter\CodeIgniter->runController(Object(App\Controllers\ClientController))
#11 C:\wamp64\www\HostMaster\system\CodeIgniter.php(354): CodeIgniter\CodeIgniter->handleRequest(NULL, Object(Config\Cache), false)
#12 C:\wamp64\www\HostMaster\system\Boot.php(363): CodeIgniter\CodeIgniter->run()
#13 C:\wamp64\www\HostMaster\system\Boot.php(68): CodeIgniter\Boot::runCodeIgniter(Object(CodeIgniter\CodeIgniter))
#14 C:\wamp64\www\HostMaster\public\index.php(59): CodeIgniter\Boot::bootWeb(Object(Config\Paths))
#15 C:\wamp64\www\HostMaster\system\rewrite.php(44): require_once('C:\\wamp64\\www\\H...')
#16 {main}
CRITICAL - 2026-03-05 10:43:03 --> CodeIgniter\Database\Exceptions\DatabaseException: Unknown column 'updated_at' in 'field list'
[Method: POST, Route: home/save]
in SYSTEMPATH\Database\BaseConnection.php on line 684.
 1 SYSTEMPATH\Database\BaseBuilder.php(2345): CodeIgniter\Database\BaseConnection->query('INSERT INTO `clients` (`client_name`, `website_url`, `phone`, `email`, `hosting_name`, `hosting_expiry`, `phone_2`, `email_2`, `business_details`, `created_at`, `updated_at`) VALUES (:client_name:, :website_url:, :phone:, :email:, :hosting_name:, :hosting_expiry:, :phone_2:, :email_2:, :business_details:, :created_at:, :updated_at:)', [...], false)
 2 SYSTEMPATH\Model.php(394): CodeIgniter\Database\BaseBuilder->insert()
 3 SYSTEMPATH\BaseModel.php(838): CodeIgniter\Model->doInsert([...])
 4 SYSTEMPATH\Model.php(797): CodeIgniter\BaseModel->insert([...], false)
 5 SYSTEMPATH\BaseModel.php(751): CodeIgniter\Model->insert([...], false)
 6 APPPATH\Controllers\ClientController.php(66): CodeIgniter\BaseModel->save([...])
 7 SYSTEMPATH\CodeIgniter.php(933): App\Controllers\ClientController->store()
 8 SYSTEMPATH\CodeIgniter.php(507): CodeIgniter\CodeIgniter->runController(Object(App\Controllers\ClientController))
 9 SYSTEMPATH\CodeIgniter.php(354): CodeIgniter\CodeIgniter->handleRequest(null, Object(Config\Cache), false)
10 SYSTEMPATH\Boot.php(363): CodeIgniter\CodeIgniter->run()
11 SYSTEMPATH\Boot.php(68): CodeIgniter\Boot::runCodeIgniter(Object(CodeIgniter\CodeIgniter))
12 FCPATH\index.php(59): CodeIgniter\Boot::bootWeb(Object(Config\Paths))
13 SYSTEMPATH\rewrite.php(44): require_once('C:\\wamp64\\www\\HostMaster\\public\\index.php')
CRITICAL - 2026-03-05 10:43:03 --> [Caused by] CodeIgniter\Database\Exceptions\DatabaseException: Unknown column 'updated_at' in 'field list'
in SYSTEMPATH\Database\MySQLi\Connection.php on line 332.
 1 SYSTEMPATH\Database\BaseConnection.php(729): CodeIgniter\Database\MySQLi\Connection->execute('INSERT INTO `clients` (`client_name`, `website_url`, `phone`, `email`, `hosting_name`, `hosting_expiry`, `phone_2`, `email_2`, `business_details`, `created_at`, `updated_at`) VALUES (\'shrama enterprise\', \'http://localhost:8080/clients/add\', \'07876728830\', \'amir@gmail.com\', \'hostinger\', \'2026-03-05\', \'07876728830\', \'amit@gmail.com\', \'awerf\', \'2026-03-05 10:43:03\', \'2026-03-05 10:43:03\')')
 2 SYSTEMPATH\Database\BaseConnection.php(646): CodeIgniter\Database\BaseConnection->simpleQuery('INSERT INTO `clients` (`client_name`, `website_url`, `phone`, `email`, `hosting_name`, `hosting_expiry`, `phone_2`, `email_2`, `business_details`, `created_at`, `updated_at`) VALUES (\'shrama enterprise\', \'http://localhost:8080/clients/add\', \'07876728830\', \'amir@gmail.com\', \'hostinger\', \'2026-03-05\', \'07876728830\', \'amit@gmail.com\', \'awerf\', \'2026-03-05 10:43:03\', \'2026-03-05 10:43:03\')')
 3 SYSTEMPATH\Database\BaseBuilder.php(2345): CodeIgniter\Database\BaseConnection->query('INSERT INTO `clients` (`client_name`, `website_url`, `phone`, `email`, `hosting_name`, `hosting_expiry`, `phone_2`, `email_2`, `business_details`, `created_at`, `updated_at`) VALUES (:client_name:, :website_url:, :phone:, :email:, :hosting_name:, :hosting_expiry:, :phone_2:, :email_2:, :business_details:, :created_at:, :updated_at:)', [...], false)
 4 SYSTEMPATH\Model.php(394): CodeIgniter\Database\BaseBuilder->insert()
 5 SYSTEMPATH\BaseModel.php(838): CodeIgniter\Model->doInsert([...])
 6 SYSTEMPATH\Model.php(797): CodeIgniter\BaseModel->insert([...], false)
 7 SYSTEMPATH\BaseModel.php(751): CodeIgniter\Model->insert([...], false)
 8 APPPATH\Controllers\ClientController.php(66): CodeIgniter\BaseModel->save([...])
 9 SYSTEMPATH\CodeIgniter.php(933): App\Controllers\ClientController->store()
10 SYSTEMPATH\CodeIgniter.php(507): CodeIgniter\CodeIgniter->runController(Object(App\Controllers\ClientController))
11 SYSTEMPATH\CodeIgniter.php(354): CodeIgniter\CodeIgniter->handleRequest(null, Object(Config\Cache), false)
12 SYSTEMPATH\Boot.php(363): CodeIgniter\CodeIgniter->run()
13 SYSTEMPATH\Boot.php(68): CodeIgniter\Boot::runCodeIgniter(Object(CodeIgniter\CodeIgniter))
14 FCPATH\index.php(59): CodeIgniter\Boot::bootWeb(Object(Config\Paths))
15 SYSTEMPATH\rewrite.php(44): require_once('C:\\wamp64\\www\\HostMaster\\public\\index.php')
CRITICAL - 2026-03-05 10:43:03 --> [Caused by] mysqli_sql_exception: Unknown column 'updated_at' in 'field list'
in SYSTEMPATH\Database\MySQLi\Connection.php on line 327.
 1 SYSTEMPATH\Database\MySQLi\Connection.php(327): mysqli->query('INSERT INTO `clients` (`client_name`, `website_url`, `phone`, `email`, `hosting_name`, `hosting_expiry`, `phone_2`, `email_2`, `business_details`, `created_at`, `updated_at`) VALUES (\'shrama enterprise\', \'http://localhost:8080/clients/add\', \'07876728830\', \'amir@gmail.com\', \'hostinger\', \'2026-03-05\', \'07876728830\', \'amit@gmail.com\', \'awerf\', \'2026-03-05 10:43:03\', \'2026-03-05 10:43:03\')', 0)
 2 SYSTEMPATH\Database\BaseConnection.php(729): CodeIgniter\Database\MySQLi\Connection->execute('INSERT INTO `clients` (`client_name`, `website_url`, `phone`, `email`, `hosting_name`, `hosting_expiry`, `phone_2`, `email_2`, `business_details`, `created_at`, `updated_at`) VALUES (\'shrama enterprise\', \'http://localhost:8080/clients/add\', \'07876728830\', \'amir@gmail.com\', \'hostinger\', \'2026-03-05\', \'07876728830\', \'amit@gmail.com\', \'awerf\', \'2026-03-05 10:43:03\', \'2026-03-05 10:43:03\')')
 3 SYSTEMPATH\Database\BaseConnection.php(646): CodeIgniter\Database\BaseConnection->simpleQuery('INSERT INTO `clients` (`client_name`, `website_url`, `phone`, `email`, `hosting_name`, `hosting_expiry`, `phone_2`, `email_2`, `business_details`, `created_at`, `updated_at`) VALUES (\'shrama enterprise\', \'http://localhost:8080/clients/add\', \'07876728830\', \'amir@gmail.com\', \'hostinger\', \'2026-03-05\', \'07876728830\', \'amit@gmail.com\', \'awerf\', \'2026-03-05 10:43:03\', \'2026-03-05 10:43:03\')')
 4 SYSTEMPATH\Database\BaseBuilder.php(2345): CodeIgniter\Database\BaseConnection->query('INSERT INTO `clients` (`client_name`, `website_url`, `phone`, `email`, `hosting_name`, `hosting_expiry`, `phone_2`, `email_2`, `business_details`, `created_at`, `updated_at`) VALUES (:client_name:, :website_url:, :phone:, :email:, :hosting_name:, :hosting_expiry:, :phone_2:, :email_2:, :business_details:, :created_at:, :updated_at:)', [...], false)
 5 SYSTEMPATH\Model.php(394): CodeIgniter\Database\BaseBuilder->insert()
 6 SYSTEMPATH\BaseModel.php(838): CodeIgniter\Model->doInsert([...])
 7 SYSTEMPATH\Model.php(797): CodeIgniter\BaseModel->insert([...], false)
 8 SYSTEMPATH\BaseModel.php(751): CodeIgniter\Model->insert([...], false)
 9 APPPATH\Controllers\ClientController.php(66): CodeIgniter\BaseModel->save([...])
10 SYSTEMPATH\CodeIgniter.php(933): App\Controllers\ClientController->store()
11 SYSTEMPATH\CodeIgniter.php(507): CodeIgniter\CodeIgniter->runController(Object(App\Controllers\ClientController))
12 SYSTEMPATH\CodeIgniter.php(354): CodeIgniter\CodeIgniter->handleRequest(null, Object(Config\Cache), false)
13 SYSTEMPATH\Boot.php(363): CodeIgniter\CodeIgniter->run()
14 SYSTEMPATH\Boot.php(68): CodeIgniter\Boot::runCodeIgniter(Object(CodeIgniter\CodeIgniter))
15 FCPATH\index.php(59): CodeIgniter\Boot::bootWeb(Object(Config\Paths))
16 SYSTEMPATH\rewrite.php(44): require_once('C:\\wamp64\\www\\HostMaster\\public\\index.php')
DEBUG - 2026-03-05 10:44:08 --> Session: Class initialized using 'CodeIgniter\Session\Handlers\FileHandler' driver.
DEBUG - 2026-03-05 10:57:02 --> Session: Class initialized using 'CodeIgniter\Session\Handlers\FileHandler' driver.
DEBUG - 2026-03-05 11:11:13 --> Session: Class initialized using 'CodeIgniter\Session\Handlers\FileHandler' driver.
DEBUG - 2026-03-05 11:11:43 --> Session: Class initialized using 'CodeIgniter\Session\Handlers\FileHandler' driver.
DEBUG - 2026-03-05 11:32:18 --> Session: Class initialized using 'CodeIgniter\Session\Handlers\FileHandler' driver.
DEBUG - 2026-03-05 11:32:29 --> Session: Class initialized using 'CodeIgniter\Session\Handlers\FileHandler' driver.
DEBUG - 2026-03-05 11:34:16 --> Session: Class initialized using 'CodeIgniter\Session\Handlers\FileHandler' driver.
DEBUG - 2026-03-05 11:37:30 --> Session: Class initialized using 'CodeIgniter\Session\Handlers\FileHandler' driver.
DEBUG - 2026-03-05 11:37:38 --> Session: Class initialized using 'CodeIgniter\Session\Handlers\FileHandler' driver.
DEBUG - 2026-03-05 11:37:42 --> Session: Class initialized using 'CodeIgniter\Session\Handlers\FileHandler' driver.
DEBUG - 2026-03-05 11:37:47 --> Session: Class initialized using 'CodeIgniter\Session\Handlers\FileHandler' driver.
DEBUG - 2026-03-05 11:37:47 --> Session: Class initialized using 'CodeIgniter\Session\Handlers\FileHandler' driver.
DEBUG - 2026-03-05 11:40:52 --> Session: Class initialized using 'CodeIgniter\Session\Handlers\FileHandler' driver.
DEBUG - 2026-03-05 11:43:23 --> Session: Class initialized using 'CodeIgniter\Session\Handlers\FileHandler' driver.
DEBUG - 2026-03-05 11:46:16 --> Session: Class initialized using 'CodeIgniter\Session\Handlers\FileHandler' driver.
DEBUG - 2026-03-05 11:46:19 --> Session: Class initialized using 'CodeIgniter\Session\Handlers\FileHandler' driver.
DEBUG - 2026-03-05 11:46:46 --> Session: Class initialized using 'CodeIgniter\Session\Handlers\FileHandler' driver.
DEBUG - 2026-03-05 11:47:36 --> Session: Class initialized using 'CodeIgniter\Session\Handlers\FileHandler' driver.
DEBUG - 2026-03-05 11:48:45 --> Session: Class initialized using 'CodeIgniter\Session\Handlers\FileHandler' driver.
DEBUG - 2026-03-05 11:49:05 --> Session: Class initialized using 'CodeIgniter\Session\Handlers\FileHandler' driver.
DEBUG - 2026-03-05 11:49:15 --> Session: Class initialized using 'CodeIgniter\Session\Handlers\FileHandler' driver.
DEBUG - 2026-03-05 11:54:15 --> Session: Class initialized using 'CodeIgniter\Session\Handlers\FileHandler' driver.
DEBUG - 2026-03-05 12:07:22 --> Session: Class initialized using 'CodeIgniter\Session\Handlers\FileHandler' driver.
DEBUG - 2026-03-05 12:19:13 --> Session: Class initialized using 'CodeIgniter\Session\Handlers\FileHandler' driver.
DEBUG - 2026-03-05 12:19:17 --> Session: Class initialized using 'CodeIgniter\Session\Handlers\FileHandler' driver.
DEBUG - 2026-03-05 12:24:58 --> Session: Class initialized using 'CodeIgniter\Session\Handlers\FileHandler' driver.
DEBUG - 2026-03-05 12:27:09 --> Session: Class initialized using 'CodeIgniter\Session\Handlers\FileHandler' driver.
